12/05/2015 09:37:12 - App Started....
12/05/2015 09:37:13 - class Class [101101] at [12:45] detected to be booked!
12/05/2015 09:37:13 - Lets check if there is some class ready to be booked...
12/05/2015 09:37:22 - Start to booking class Class [101101] at [12:45]
12/05/2015 09:37:23 - Connecting to FH...
12/05/2015 09:37:59 - App Started....
12/05/2015 09:37:59 - class Class [101101] at [12:45] detected to be booked!
12/05/2015 09:37:59 - Lets check if there is some class ready to be booked...
12/05/2015 09:38:05 - Start to booking class Class [101101] at [12:45]
12/05/2015 09:38:05 - Connecting to FH...
12/05/2015 09:41:22 - App Started....
12/05/2015 09:41:22 - class Class [101101] at [12:45] detected to be booked!
12/05/2015 09:41:22 - Lets check if there is some class ready to be booked...
12/05/2015 09:41:26 - Start to booking class Class [101101] at [12:45]
12/05/2015 09:41:26 - Connecting to FH...
12/05/2015 09:42:26 - App Started....
12/05/2015 09:42:26 - class Class [101101] at [12:45] detected to be booked!
12/05/2015 09:42:26 - Lets check if there is some class ready to be booked...
12/05/2015 09:42:30 - Start to booking class Class [101101] at [12:45]
12/05/2015 09:42:31 - Connecting to FH...
12/05/2015 09:44:53 - App Started....
12/05/2015 09:44:53 - class Class [101101] at [12:45] detected to be booked!
12/05/2015 09:44:53 - Lets check if there is some class ready to be booked...
12/05/2015 09:44:59 - Start to booking class Class [101101] at [12:45]
12/05/2015 09:45:00 - Connecting to FH...
12/05/2015 09:45:11 - Connection status code is [OK] and description is [OK]
12/05/2015 09:45:26 - Cookie detected. adding cookie to book request...
12/05/2015 09:45:32 - Booking class [101101] for associate [114341] ...
12/05/2015 09:49:05 - App Started....
12/05/2015 09:49:05 - class Class [101101] at [12:45] detected to be booked!
12/05/2015 09:49:05 - Lets check if there is some class ready to be booked...
12/05/2015 09:49:11 - Start to booking class Class [101101] at [12:45]
12/05/2015 09:49:11 - Connecting to FH...
12/05/2015 09:49:18 - Connection status code is [OK] and description is [OK]
12/05/2015 09:49:21 - Cookie detected. adding cookie to book request...
12/05/2015 09:49:27 - Booking class [101101] for associate [114341] ...
12/05/2015 09:49:33 - Connection status code is [OK] and description is [OK]
04/08/2015 10:56:26 - App Started....
04/08/2015 10:56:27 - class Class [123172] at [12:45] detected to be booked!
04/08/2015 10:56:32 - Lets check if there is some class ready to be booked...
04/08/2015 10:56:51 - Start to booking class Class [123172] at [12:45]
04/08/2015 10:56:52 - Connecting to FH...
04/08/2015 10:58:33 - App Started....
04/08/2015 10:58:33 - class Class [123172] at [12:45] detected to be booked!
04/08/2015 10:58:33 - Lets check if there is some class ready to be booked...
04/08/2015 10:58:38 - Start to booking class Class [123172] at [12:45]
04/08/2015 10:58:38 - Connecting to FH...
04/08/2015 10:58:50 - Unexpected error on booking class Class [123172] at [12:45]. Error Unable to connect to the remote server - Trace    at System.Net.HttpWebRequest.GetRequestStream(TransportContext& context)
   at System.Net.HttpWebRequest.GetRequestStream()
   at MarcacaoAulas.Program.BookAClass(Object stateInfo) in d:\Development\xwpva87\Testes FH\MarcacaoAulas\MarcacaoAulas\Program.cs:line 104
04/08/2015 11:08:39 - App Started....
04/08/2015 11:08:39 - class Class [123172] at [12:45] detected to be booked!
04/08/2015 11:08:39 - Lets check if there is some class ready to be booked...
04/08/2015 11:08:42 - Start to booking class Class [123172] at [12:45]
04/08/2015 11:08:43 - Connecting to FH...
